<?xml version="1.0" encoding="UTF-8" ?>
<testsuite failures="2" time="2.33" errors="1" skipped="0" tests="3" name="com.mycompany.booking.TestTicketCatalogue">
  <properties>
[...]
</properties>
  <testcase time="1.89" classname="com.mycompany.booking.TestTicketCatalogue" name="testGetRange">
    <failure type="java.lang.AssertionError">java.lang.AssertionError
	at org.junit.Assert.fail(Assert.java:86)
	at org.junit.Assert.assertTrue(Assert.java:41)
	at org.junit.Assert.assertTrue(Assert.java:52)
	at com.mycompany.booking.TestTicketCatalogue.testGetRange(TestTicketCatalogue.java:54)
	at sun.reflect.NativeMethodAccessorImpl.invoke0(Native Method)
	at sun.reflect.NativeMethodAccessorImpl.invoke(NativeMethodAccessorImpl.java:57)
	at sun.reflect.DelegatingMethodAccessorImpl.invoke(DelegatingMethodAccessorImpl.java:43)
	at java.lang.reflect.Method.invoke(Method.java:606)
	at org.junit.runners.model.FrameworkMethod$1.runReflectiveCall(FrameworkMethod.java:47)
	at org.junit.internal.runners.model.ReflectiveCallable.run(ReflectiveCallable.java:12)
	at org.junit.runners.model.FrameworkMethod.invokeExplosively(FrameworkMethod.java:44)
	at org.junit.internal.runners.statements.InvokeMethod.evaluate(InvokeMethod.java:17)
	at org.junit.internal.runners.statements.RunBefores.evaluate(RunBefores.java:26)
	at org.junit.runners.ParentRunner.runLeaf(ParentRunner.java:271)
	at org.junit.runners.BlockJUnit4ClassRunner.runChild(BlockJUnit4ClassRunner.java:70)
	at org.junit.runners.BlockJUnit4ClassRunner.runChild(BlockJUnit4ClassRunner.java:50)
	at org.junit.runners.ParentRunner$3.run(ParentRunner.java:238)
	at org.junit.runners.ParentRunner$1.schedule(ParentRunner.java:63)
	at org.junit.runners.ParentRunner.runChildren(ParentRunner.java:236)
	at org.junit.runners.ParentRunner.access$000(ParentRunner.java:53)
	at org.junit.runners.ParentRunner$2.evaluate(ParentRunner.java:229)
	at org.junit.runners.ParentRunner.run(ParentRunner.java:309)
	at org.apache.maven.surefire.junit4.JUnit4TestSet.execute(JUnit4TestSet.java:53)
	at org.apache.maven.surefire.junit4.JUnit4Provider.executeTestSet(JUnit4Provider.java:123)
	at org.apache.maven.surefire.junit4.JUnit4Provider.invoke(JUnit4Provider.java:104)
	at sun.reflect.NativeMethodAccessorImpl.invoke0(Native Method)
	at sun.reflect.NativeMethodAccessorImpl.invoke(NativeMethodAccessorImpl.java:57)
	at sun.reflect.DelegatingMethodAccessorImpl.invoke(DelegatingMethodAccessorImpl.java:43)
	at java.lang.reflect.Method.invoke(Method.java:606)
	at org.apache.maven.surefire.util.ReflectionUtils.invokeMethodWithArray(ReflectionUtils.java:164)
	at org.apache.maven.surefire.booter.ProviderFactory$ProviderProxy.invoke(ProviderFactory.java:110)
	at org.apache.maven.surefire.booter.SurefireStarter.invokeProvider(SurefireStarter.java:175)
	at org.apache.maven.surefire.booter.SurefireStarter.runSuitesInProcessWhenForked(SurefireStarter.java:107)
	at org.apache.maven.surefire.booter.ForkedBooter.main(ForkedBooter.java:68)
</failure>
    <system-out>[EL Info]: 2013-10-14 15:11:44.943--ServerSession(1414384058)--EclipseLink, version: Eclipse Persistence Services - 2.5.0.v20130507-3faac2b
[EL Info]: connection: 2013-10-14 15:11:45.173--ServerSession(1414384058)--file:/C:/Users/ed/Documents/NetBeansProjects/Booking/target/classes/_booking_pu login successful
[EL Warning]: 2013-10-14 15:11:45.318--UnitOfWork(1636714767)--Exception [EclipseLink-4002] (Eclipse Persistence Services - 2.5.0.v20130507-3faac2b): org.eclipse.persistence.exceptions.DatabaseException
Internal Exception: java.sql.SQLSyntaxErrorException: &apos;TICKETTYPE&apos; is not a column in table or VTI &apos;APP.TICKET&apos;.
Error Code: -1
Call: INSERT INTO TICKET (ID, DEPARTUREDATE, DEPARTURELOCATION, DEPARTURETIME, DESTINATION, TICKETPRICE, TICKETTYPE, TRAVELTIME) VALUES (?, ?, ?, ?, ?, ?, ?, ?)
	bind =&gt; [8 parameters bound]
Query: InsertObjectQuery(Product{id=451, destination=0, ticketPrice=0.0})
[EL Warning]: 2013-10-14 15:11:45.328--UnitOfWork(903025242)--Exception [EclipseLink-4002] (Eclipse Persistence Services - 2.5.0.v20130507-3faac2b): org.eclipse.persistence.exceptions.DatabaseException
Internal Exception: java.sql.SQLSyntaxErrorException: &apos;TICKETTYPE&apos; is not a column in table or VTI &apos;APP.TICKET&apos;.
Error Code: -1
Call: INSERT INTO TICKET (ID, DEPARTUREDATE, DEPARTURELOCATION, DEPARTURETIME, DESTINATION, TICKETPRICE, TICKETTYPE, TRAVELTIME) VALUES (?, ?, ?, ?, ?, ?, ?, ?)
	bind =&gt; [8 parameters bound]
Query: InsertObjectQuery(Product{id=452, destination=1, ticketPrice=1.0})
[EL Warning]: 2013-10-14 15:11:45.338--UnitOfWork(476842040)--Exception [EclipseLink-4002] (Eclipse Persistence Services - 2.5.0.v20130507-3faac2b): org.eclipse.persistence.exceptions.DatabaseException
Internal Exception: java.sql.SQLSyntaxErrorException: &apos;TICKETTYPE&apos; is not a column in table or VTI &apos;APP.TICKET&apos;.
Error Code: -1
Call: INSERT INTO TICKET (ID, DEPARTUREDATE, DEPARTURELOCATION, DEPARTURETIME, DESTINATION, TICKETPRICE, TICKETTYPE, TRAVELTIME) VALUES (?, ?, ?, ?, ?, ?, ?, ?)
	bind =&gt; [8 parameters bound]
Query: InsertObjectQuery(Product{id=453, destination=2, ticketPrice=2.0})
[EL Warning]: 2013-10-14 15:11:45.343--UnitOfWork(183452465)--Exception [EclipseLink-4002] (Eclipse Persistence Services - 2.5.0.v20130507-3faac2b): org.eclipse.persistence.exceptions.DatabaseException
Internal Exception: java.sql.SQLSyntaxErrorException: &apos;TICKETTYPE&apos; is not a column in table or VTI &apos;APP.TICKET&apos;.
Error Code: -1
Call: INSERT INTO TICKET (ID, DEPARTUREDATE, DEPARTURELOCATION, DEPARTURETIME, DESTINATION, TICKETPRICE, TICKETTYPE, TRAVELTIME) VALUES (?, ?, ?, ?, ?, ?, ?, ?)
	bind =&gt; [8 parameters bound]
Query: InsertObjectQuery(Product{id=454, destination=3, ticketPrice=3.0})
[EL Warning]: 2013-10-14 15:11:45.353--UnitOfWork(1001333986)--Exception [EclipseLink-4002] (Eclipse Persistence Services - 2.5.0.v20130507-3faac2b): org.eclipse.persistence.exceptions.DatabaseException
Internal Exception: java.sql.SQLSyntaxErrorException: &apos;TICKETTYPE&apos; is not a column in table or VTI &apos;APP.TICKET&apos;.
Error Code: -1
Call: INSERT INTO TICKET (ID, DEPARTUREDATE, DEPARTURELOCATION, DEPARTURETIME, DESTINATION, TICKETPRICE, TICKETTYPE, TRAVELTIME) VALUES (?, ?, ?, ?, ?, ?, ?, ?)
	bind =&gt; [8 parameters bound]
Query: InsertObjectQuery(Product{id=455, destination=4, ticketPrice=4.0})
[EL Warning]: 2013-10-14 15:11:45.363--UnitOfWork(1754973914)--Exception [EclipseLink-4002] (Eclipse Persistence Services - 2.5.0.v20130507-3faac2b): org.eclipse.persistence.exceptions.DatabaseException
Internal Exception: java.sql.SQLSyntaxErrorException: &apos;TICKETTYPE&apos; is not a column in table or VTI &apos;APP.TICKET&apos;.
Error Code: -1
Call: INSERT INTO TICKET (ID, DEPARTUREDATE, DEPARTURELOCATION, DEPARTURETIME, DESTINATION, TICKETPRICE, TICKETTYPE, TRAVELTIME) VALUES (?, ?, ?, ?, ?, ?, ?, ?)
	bind =&gt; [8 parameters bound]
Query: InsertObjectQuery(Product{id=456, destination=5, ticketPrice=5.0})
[EL Warning]: 2013-10-14 15:11:45.368--UnitOfWork(507802588)--Exception [EclipseLink-4002] (Eclipse Persistence Services - 2.5.0.v20130507-3faac2b): org.eclipse.persistence.exceptions.DatabaseException
Internal Exception: java.sql.SQLSyntaxErrorException: &apos;TICKETTYPE&apos; is not a column in table or VTI &apos;APP.TICKET&apos;.
Error Code: -1
Call: INSERT INTO TICKET (ID, DEPARTUREDATE, DEPARTURELOCATION, DEPARTURETIME, DESTINATION, TICKETPRICE, TICKETTYPE, TRAVELTIME) VALUES (?, ?, ?, ?, ?, ?, ?, ?)
	bind =&gt; [8 parameters bound]
Query: InsertObjectQuery(Product{id=457, destination=6, ticketPrice=6.0})
[EL Warning]: 2013-10-14 15:11:45.373--UnitOfWork(1038906409)--Exception [EclipseLink-4002] (Eclipse Persistence Services - 2.5.0.v20130507-3faac2b): org.eclipse.persistence.exceptions.DatabaseException
Internal Exception: java.sql.SQLSyntaxErrorException: &apos;TICKETTYPE&apos; is not a column in table or VTI &apos;APP.TICKET&apos;.
Error Code: -1
Call: INSERT INTO TICKET (ID, DEPARTUREDATE, DEPARTURELOCATION, DEPARTURETIME, DESTINATION, TICKETPRICE, TICKETTYPE, TRAVELTIME) VALUES (?, ?, ?, ?, ?, ?, ?, ?)
	bind =&gt; [8 parameters bound]
Query: InsertObjectQuery(Product{id=458, destination=7, ticketPrice=7.0})
[EL Warning]: 2013-10-14 15:11:45.383--UnitOfWork(2116727901)--Exception [EclipseLink-4002] (Eclipse Persistence Services - 2.5.0.v20130507-3faac2b): org.eclipse.persistence.exceptions.DatabaseException
Internal Exception: java.sql.SQLSyntaxErrorException: &apos;TICKETTYPE&apos; is not a column in table or VTI &apos;APP.TICKET&apos;.
Error Code: -1
Call: INSERT INTO TICKET (ID, DEPARTUREDATE, DEPARTURELOCATION, DEPARTURETIME, DESTINATION, TICKETPRICE, TICKETTYPE, TRAVELTIME) VALUES (?, ?, ?, ?, ?, ?, ?, ?)
	bind =&gt; [8 parameters bound]
Query: InsertObjectQuery(Product{id=459, destination=8, ticketPrice=8.0})
[EL Warning]: 2013-10-14 15:11:45.403--UnitOfWork(1891775426)--Exception [EclipseLink-4002] (Eclipse Persistence Services - 2.5.0.v20130507-3faac2b): org.eclipse.persistence.exceptions.DatabaseException
Internal Exception: java.sql.SQLSyntaxErrorException: &apos;TICKETTYPE&apos; is not a column in table or VTI &apos;APP.TICKET&apos;.
Error Code: -1
Call: INSERT INTO TICKET (ID, DEPARTUREDATE, DEPARTURELOCATION, DEPARTURETIME, DESTINATION, TICKETPRICE, TICKETTYPE, TRAVELTIME) VALUES (?, ?, ?, ?, ?, ?, ?, ?)
	bind =&gt; [8 parameters bound]
Query: InsertObjectQuery(Product{id=460, destination=9, ticketPrice=9.0})
[EL Warning]: 2013-10-14 15:11:45.463--UnitOfWork(1429797126)--Exception [EclipseLink-4002] (Eclipse Persistence Services - 2.5.0.v20130507-3faac2b): org.eclipse.persistence.exceptions.DatabaseException
Internal Exception: java.sql.SQLSyntaxErrorException: Column &apos;TICKETTYPE&apos; is either not in any table in the FROM list or appears within a join specification and is outside the scope of the join specification or appears in a HAVING clause and is not in the GROUP BY list. If this is a CREATE or ALTER TABLE  statement then &apos;TICKETTYPE&apos; is not a column in the target table.
Error Code: -1
Call: SELECT ID AS a1, DEPARTUREDATE AS a2, DEPARTURELOCATION AS a3, DEPARTURETIME AS a4, DESTINATION AS a5, TICKETPRICE AS a6, TICKETTYPE AS a7, TRAVELTIME AS a8 FROM TICKET OFFSET ? ROWS FETCH NEXT ? ROWS ONLY
	bind =&gt; [2 parameters bound]
Query: ReadAllQuery(referenceClass=Ticket sql=&quot;SELECT ID AS a1, DEPARTUREDATE AS a2, DEPARTURELOCATION AS a3, DEPARTURETIME AS a4, DESTINATION AS a5, TICKETPRICE AS a6, TICKETTYPE AS a7, TRAVELTIME AS a8 FROM TICKET OFFSET ? ROWS FETCH NEXT ? ROWS ONLY&quot;)
</system-out>
    <system-err>okt 14, 2013 3:11:43 EM com.mycompany.booking.core.JPABooking &lt;init&gt;
Info: Booing alive 808 963 300
</system-err>
  </testcase>
  <testcase time="0.035" classname="com.mycompany.booking.TestTicketCatalogue" name="testAddUpdateAndRemoveTicket">
    <failure type="java.lang.AssertionError">java.lang.AssertionError
	at org.junit.Assert.fail(Assert.java:86)
	at org.junit.Assert.assertTrue(Assert.java:41)
	at org.junit.Assert.assertTrue(Assert.java:52)
	at com.mycompany.booking.TestTicketCatalogue.testAddUpdateAndRemoveTicket(TestTicketCatalogue.java:65)
	at sun.reflect.NativeMethodAccessorImpl.invoke0(Native Method)
	at sun.reflect.NativeMethodAccessorImpl.invoke(NativeMethodAccessorImpl.java:57)
	at sun.reflect.DelegatingMethodAccessorImpl.invoke(DelegatingMethodAccessorImpl.java:43)
	at java.lang.reflect.Method.invoke(Method.java:606)
	at org.junit.runners.model.FrameworkMethod$1.runReflectiveCall(FrameworkMethod.java:47)
	at org.junit.internal.runners.model.ReflectiveCallable.run(ReflectiveCallable.java:12)
	at org.junit.runners.model.FrameworkMethod.invokeExplosively(FrameworkMethod.java:44)
	at org.junit.internal.runners.statements.InvokeMethod.evaluate(InvokeMethod.java:17)
	at org.junit.internal.runners.statements.RunBefores.evaluate(RunBefores.java:26)
	at org.junit.runners.ParentRunner.runLeaf(ParentRunner.java:271)
	at org.junit.runners.BlockJUnit4ClassRunner.runChild(BlockJUnit4ClassRunner.java:70)
	at org.junit.runners.BlockJUnit4ClassRunner.runChild(BlockJUnit4ClassRunner.java:50)
	at org.junit.runners.ParentRunner$3.run(ParentRunner.java:238)
	at org.junit.runners.ParentRunner$1.schedule(ParentRunner.java:63)
	at org.junit.runners.ParentRunner.runChildren(ParentRunner.java:236)
	at org.junit.runners.ParentRunner.access$000(ParentRunner.java:53)
	at org.junit.runners.ParentRunner$2.evaluate(ParentRunner.java:229)
	at org.junit.runners.ParentRunner.run(ParentRunner.java:309)
	at org.apache.maven.surefire.junit4.JUnit4TestSet.execute(JUnit4TestSet.java:53)
	at org.apache.maven.surefire.junit4.JUnit4Provider.executeTestSet(JUnit4Provider.java:123)
	at org.apache.maven.surefire.junit4.JUnit4Provider.invoke(JUnit4Provider.java:104)
	at sun.reflect.NativeMethodAccessorImpl.invoke0(Native Method)
	at sun.reflect.NativeMethodAccessorImpl.invoke(NativeMethodAccessorImpl.java:57)
	at sun.reflect.DelegatingMethodAccessorImpl.invoke(DelegatingMethodAccessorImpl.java:43)
	at java.lang.reflect.Method.invoke(Method.java:606)
	at org.apache.maven.surefire.util.ReflectionUtils.invokeMethodWithArray(ReflectionUtils.java:164)
	at org.apache.maven.surefire.booter.ProviderFactory$ProviderProxy.invoke(ProviderFactory.java:110)
	at org.apache.maven.surefire.booter.SurefireStarter.invokeProvider(SurefireStarter.java:175)
	at org.apache.maven.surefire.booter.SurefireStarter.runSuitesInProcessWhenForked(SurefireStarter.java:107)
	at org.apache.maven.surefire.booter.ForkedBooter.main(ForkedBooter.java:68)
</failure>
    <system-out>com.mycompany.booking.core.TicketCatalogue@16059e71
[EL Warning]: 2013-10-14 15:11:45.493--UnitOfWork(1338013640)--Exception [EclipseLink-4002] (Eclipse Persistence Services - 2.5.0.v20130507-3faac2b): org.eclipse.persistence.exceptions.DatabaseException
Internal Exception: java.sql.SQLSyntaxErrorException: &apos;TICKETTYPE&apos; is not a column in table or VTI &apos;APP.TICKET&apos;.
Error Code: -1
Call: INSERT INTO TICKET (ID, DEPARTUREDATE, DEPARTURELOCATION, DEPARTURETIME, DESTINATION, TICKETPRICE, TICKETTYPE, TRAVELTIME) VALUES (?, ?, ?, ?, ?, ?, ?, ?)
	bind =&gt; [8 parameters bound]
Query: InsertObjectQuery(Product{id=461, destination=Göteborg, ticketPrice=57.0})
</system-out>
    <system-err>okt 14, 2013 3:11:45 EM com.mycompany.booking.core.JPABooking &lt;init&gt;
Info: Booing alive 2 001 035 584
</system-err>
  </testcase>
  <testcase time="0.325" classname="com.mycompany.booking.TestTicketCatalogue" name="testGetByDestination">
    <error message="Exception [EclipseLink-4002] (Eclipse Persistence Services - 2.5.0.v20130507-3faac2b): org.eclipse.persistence.exceptions.DatabaseException
Internal Exception: java.sql.SQLSyntaxErrorException: Column &apos;TICKETTYPE&apos; is either not in any table in the FROM list or appears within a join specification and is outside the scope of the join specification or appears in a HAVING clause and is not in the GROUP BY list. If this is a CREATE or ALTER TABLE  statement then &apos;TICKETTYPE&apos; is not a column in the target table.
Error Code: -1
Call: SELECT ID, DEPARTUREDATE, DEPARTURELOCATION, DEPARTURETIME, DESTINATION, TICKETPRICE, TICKETTYPE, TRAVELTIME FROM TICKET WHERE (DESTINATION = ?)
	bind =&gt; [1 parameter bound]
Query: ReadAllQuery(referenceClass=Ticket sql=&quot;SELECT ID, DEPARTUREDATE, DEPARTURELOCATION, DEPARTURETIME, DESTINATION, TICKETPRICE, TICKETTYPE, TRAVELTIME FROM TICKET WHERE (DESTINATION = ?)&quot;)" type="javax.persistence.PersistenceException">javax.persistence.PersistenceException: Exception [EclipseLink-4002] (Eclipse Persistence Services - 2.5.0.v20130507-3faac2b): org.eclipse.persistence.exceptions.DatabaseException
Internal Exception: java.sql.SQLSyntaxErrorException: Column &apos;TICKETTYPE&apos; is either not in any table in the FROM list or appears within a join specification and is outside the scope of the join specification or appears in a HAVING clause and is not in the GROUP BY list. If this is a CREATE or ALTER TABLE  statement then &apos;TICKETTYPE&apos; is not a column in the target table.
Error Code: -1
Call: SELECT ID, DEPARTUREDATE, DEPARTURELOCATION, DEPARTURETIME, DESTINATION, TICKETPRICE, TICKETTYPE, TRAVELTIME FROM TICKET WHERE (DESTINATION = ?)
	bind =&gt; [1 parameter bound]
Query: ReadAllQuery(referenceClass=Ticket sql=&quot;SELECT ID, DEPARTUREDATE, DEPARTURELOCATION, DEPARTURETIME, DESTINATION, TICKETPRICE, TICKETTYPE, TRAVELTIME FROM TICKET WHERE (DESTINATION = ?)&quot;)
	at org.eclipse.persistence.internal.jpa.QueryImpl.getDetailedException(QueryImpl.java:377)
	at org.eclipse.persistence.internal.jpa.QueryImpl.executeReadQuery(QueryImpl.java:260)
	at org.eclipse.persistence.internal.jpa.QueryImpl.getResultList(QueryImpl.java:468)
	at com.mycompany.booking.core.TicketCatalogue.getByDestination(TicketCatalogue.java:50)
	at com.mycompany.booking.TestTicketCatalogue.testGetByDestination(TestTicketCatalogue.java:103)
	at sun.reflect.NativeMethodAccessorImpl.invoke0(Native Method)
	at sun.reflect.NativeMethodAccessorImpl.invoke(NativeMethodAccessorImpl.java:57)
	at sun.reflect.DelegatingMethodAccessorImpl.invoke(DelegatingMethodAccessorImpl.java:43)
	at java.lang.reflect.Method.invoke(Method.java:606)
	at org.junit.runners.model.FrameworkMethod$1.runReflectiveCall(FrameworkMethod.java:47)
	at org.junit.internal.runners.model.ReflectiveCallable.run(ReflectiveCallable.java:12)
	at org.junit.runners.model.FrameworkMethod.invokeExplosively(FrameworkMethod.java:44)
	at org.junit.internal.runners.statements.InvokeMethod.evaluate(InvokeMethod.java:17)
	at org.junit.internal.runners.statements.RunBefores.evaluate(RunBefores.java:26)
	at org.junit.runners.ParentRunner.runLeaf(ParentRunner.java:271)
	at org.junit.runners.BlockJUnit4ClassRunner.runChild(BlockJUnit4ClassRunner.java:70)
	at org.junit.runners.BlockJUnit4ClassRunner.runChild(BlockJUnit4ClassRunner.java:50)
	at org.junit.runners.ParentRunner$3.run(ParentRunner.java:238)
	at org.junit.runners.ParentRunner$1.schedule(ParentRunner.java:63)
	at org.junit.runners.ParentRunner.runChildren(ParentRunner.java:236)
	at org.junit.runners.ParentRunner.access$000(ParentRunner.java:53)
	at org.junit.runners.ParentRunner$2.evaluate(ParentRunner.java:229)
	at org.junit.runners.ParentRunner.run(ParentRunner.java:309)
	at org.apache.maven.surefire.junit4.JUnit4TestSet.execute(JUnit4TestSet.java:53)
	at org.apache.maven.surefire.junit4.JUnit4Provider.executeTestSet(JUnit4Provider.java:123)
	at org.apache.maven.surefire.junit4.JUnit4Provider.invoke(JUnit4Provider.java:104)
	at sun.reflect.NativeMethodAccessorImpl.invoke0(Native Method)
	at sun.reflect.NativeMethodAccessorImpl.invoke(NativeMethodAccessorImpl.java:57)
	at sun.reflect.DelegatingMethodAccessorImpl.invoke(DelegatingMethodAccessorImpl.java:43)
	at java.lang.reflect.Method.invoke(Method.java:606)
	at org.apache.maven.surefire.util.ReflectionUtils.invokeMethodWithArray(ReflectionUtils.java:164)
	at org.apache.maven.surefire.booter.ProviderFactory$ProviderProxy.invoke(ProviderFactory.java:110)
	at org.apache.maven.surefire.booter.SurefireStarter.invokeProvider(SurefireStarter.java:175)
	at org.apache.maven.surefire.booter.SurefireStarter.runSuitesInProcessWhenForked(SurefireStarter.java:107)
	at org.apache.maven.surefire.booter.ForkedBooter.main(ForkedBooter.java:68)
Caused by: Exception [EclipseLink-4002] (Eclipse Persistence Services - 2.5.0.v20130507-3faac2b): org.eclipse.persistence.exceptions.DatabaseException
Internal Exception: java.sql.SQLSyntaxErrorException: Column &apos;TICKETTYPE&apos; is either not in any table in the FROM list or appears within a join specification and is outside the scope of the join specification or appears in a HAVING clause and is not in the GROUP BY list. If this is a CREATE or ALTER TABLE  statement then &apos;TICKETTYPE&apos; is not a column in the target table.
Error Code: -1
Call: SELECT ID, DEPARTUREDATE, DEPARTURELOCATION, DEPARTURETIME, DESTINATION, TICKETPRICE, TICKETTYPE, TRAVELTIME FROM TICKET WHERE (DESTINATION = ?)
	bind =&gt; [1 parameter bound]
Query: ReadAllQuery(referenceClass=Ticket sql=&quot;SELECT ID, DEPARTUREDATE, DEPARTURELOCATION, DEPARTURETIME, DESTINATION, TICKETPRICE, TICKETTYPE, TRAVELTIME FROM TICKET WHERE (DESTINATION = ?)&quot;)
	at org.eclipse.persistence.exceptions.DatabaseException.sqlException(DatabaseException.java:340)
	at org.eclipse.persistence.internal.databaseaccess.DatabaseAccessor.basicExecuteCall(DatabaseAccessor.java:679)
	at org.eclipse.persistence.internal.databaseaccess.DatabaseAccessor.executeCall(DatabaseAccessor.java:558)
	at org.eclipse.persistence.internal.sessions.AbstractSession.basicExecuteCall(AbstractSession.java:1995)
	at org.eclipse.persistence.sessions.server.ServerSession.executeCall(ServerSession.java:570)
	at org.eclipse.persistence.internal.queries.DatasourceCallQueryMechanism.executeCall(DatasourceCallQueryMechanism.java:242)
	at org.eclipse.persistence.internal.queries.DatasourceCallQueryMechanism.executeCall(DatasourceCallQueryMechanism.java:228)
	at org.eclipse.persistence.internal.queries.DatasourceCallQueryMechanism.executeSelectCall(DatasourceCallQueryMechanism.java:299)
	at org.eclipse.persistence.internal.queries.DatasourceCallQueryMechanism.selectAllRows(DatasourceCallQueryMechanism.java:694)
	at org.eclipse.persistence.internal.queries.ExpressionQueryMechanism.selectAllRowsFromTable(ExpressionQueryMechanism.java:2714)
	at org.eclipse.persistence.internal.queries.ExpressionQueryMechanism.selectAllRows(ExpressionQueryMechanism.java:2667)
	at org.eclipse.persistence.queries.ReadAllQuery.executeObjectLevelReadQuery(ReadAllQuery.java:477)
	at org.eclipse.persistence.queries.ObjectLevelReadQuery.executeDatabaseQuery(ObjectLevelReadQuery.java:1155)
	at org.eclipse.persistence.queries.DatabaseQuery.execute(DatabaseQuery.java:899)
	at org.eclipse.persistence.queries.ObjectLevelReadQuery.execute(ObjectLevelReadQuery.java:1114)
	at org.eclipse.persistence.queries.ReadAllQuery.execute(ReadAllQuery.java:402)
	at org.eclipse.persistence.queries.ObjectLevelReadQuery.executeInUnitOfWork(ObjectLevelReadQuery.java:1202)
	at org.eclipse.persistence.internal.sessions.UnitOfWorkImpl.internalExecuteQuery(UnitOfWorkImpl.java:2894)
	at org.eclipse.persistence.internal.sessions.AbstractSession.executeQuery(AbstractSession.java:1797)
	at org.eclipse.persistence.internal.sessions.AbstractSession.executeQuery(AbstractSession.java:1779)
	at org.eclipse.persistence.internal.sessions.AbstractSession.executeQuery(AbstractSession.java:1744)
	at org.eclipse.persistence.internal.jpa.QueryImpl.executeReadQuery(QueryImpl.java:258)
	... 33 more
Caused by: java.sql.SQLSyntaxErrorException: Column &apos;TICKETTYPE&apos; is either not in any table in the FROM list or appears within a join specification and is outside the scope of the join specification or appears in a HAVING clause and is not in the GROUP BY list. If this is a CREATE or ALTER TABLE  statement then &apos;TICKETTYPE&apos; is not a column in the target table.
	at org.apache.derby.client.am.SQLExceptionFactory40.getSQLException(Unknown Source)
	at org.apache.derby.client.am.SqlException.getSQLException(Unknown Source)
	at org.apache.derby.client.am.Connection.prepareStatement(Unknown Source)
	at org.eclipse.persistence.internal.databaseaccess.DatabaseAccessor.prepareStatement(DatabaseAccessor.java:1551)
	at org.eclipse.persistence.internal.databaseaccess.DatabaseAccessor.prepareStatement(DatabaseAccessor.java:1500)
	at org.eclipse.persistence.internal.databaseaccess.DatabaseCall.prepareStatement(DatabaseCall.java:778)
	at org.eclipse.persistence.internal.databaseaccess.DatabaseAccessor.basicExecuteCall(DatabaseAccessor.java:619)
	... 53 more
Caused by: org.apache.derby.client.am.SqlException: Column &apos;TICKETTYPE&apos; is either not in any table in the FROM list or appears within a join specification and is outside the scope of the join specification or appears in a HAVING clause and is not in the GROUP BY list. If this is a CREATE or ALTER TABLE  statement then &apos;TICKETTYPE&apos; is not a column in the target table.
	at org.apache.derby.client.am.Statement.completeSqlca(Unknown Source)
	at org.apache.derby.client.net.NetStatementReply.parsePrepareError(Unknown Source)
	at org.apache.derby.client.net.NetStatementReply.parsePRPSQLSTTreply(Unknown Source)
	at org.apache.derby.client.net.NetStatementReply.readPrepareDescribeOutput(Unknown Source)
	at org.apache.derby.client.net.StatementReply.readPrepareDescribeOutput(Unknown Source)
	at org.apache.derby.client.net.NetStatement.readPrepareDescribeOutput_(Unknown Source)
	at org.apache.derby.client.am.Statement.readPrepareDescribeOutput(Unknown Source)
	at org.apache.derby.client.am.PreparedStatement.readPrepareDescribeInputOutput(Unknown Source)
	at org.apache.derby.client.am.PreparedStatement.flowPrepareDescribeInputOutput(Unknown Source)
	at org.apache.derby.client.am.PreparedStatement.prepare(Unknown Source)
	at org.apache.derby.client.am.Connection.prepareStatementX(Unknown Source)
	... 58 more
</error>
    <system-out>[EL Warning]: 2013-10-14 15:11:45.528--UnitOfWork(1701012369)--Exception [EclipseLink-4002] (Eclipse Persistence Services - 2.5.0.v20130507-3faac2b): org.eclipse.persistence.exceptions.DatabaseException
Internal Exception: java.sql.SQLSyntaxErrorException: &apos;TICKETTYPE&apos; is not a column in table or VTI &apos;APP.TICKET&apos;.
Error Code: -1
Call: INSERT INTO TICKET (ID, DEPARTUREDATE, DEPARTURELOCATION, DEPARTURETIME, DESTINATION, TICKETPRICE, TICKETTYPE, TRAVELTIME) VALUES (?, ?, ?, ?, ?, ?, ?, ?)
	bind =&gt; [8 parameters bound]
Query: InsertObjectQuery(Product{id=462, destination=Kungsbacka, ticketPrice=11.11})
[EL Warning]: 2013-10-14 15:11:45.823--UnitOfWork(558813688)--Exception [EclipseLink-4002] (Eclipse Persistence Services - 2.5.0.v20130507-3faac2b): org.eclipse.persistence.exceptions.DatabaseException
Internal Exception: java.sql.SQLSyntaxErrorException: Column &apos;TICKETTYPE&apos; is either not in any table in the FROM list or appears within a join specification and is outside the scope of the join specification or appears in a HAVING clause and is not in the GROUP BY list. If this is a CREATE or ALTER TABLE  statement then &apos;TICKETTYPE&apos; is not a column in the target table.
Error Code: -1
Call: SELECT ID, DEPARTUREDATE, DEPARTURELOCATION, DEPARTURETIME, DESTINATION, TICKETPRICE, TICKETTYPE, TRAVELTIME FROM TICKET WHERE (DESTINATION = ?)
	bind =&gt; [1 parameter bound]
Query: ReadAllQuery(referenceClass=Ticket sql=&quot;SELECT ID, DEPARTUREDATE, DEPARTURELOCATION, DEPARTURETIME, DESTINATION, TICKETPRICE, TICKETTYPE, TRAVELTIME FROM TICKET WHERE (DESTINATION = ?)&quot;)
</system-out>
    <system-err>okt 14, 2013 3:11:45 EM com.mycompany.booking.core.JPABooking &lt;init&gt;
Info: Booing alive 2 133 955 293
</system-err>
  </testcase>
</testsuite>